<?xml version="1.0" encoding="UTF-8"?>
<!-- Generated by org.testng.reporters.JUnitReportReporter -->
<testsuite hostname="DESKTOP-NB17RKO" failures="0" tests="1" name="com.qa.view_cart.TestPage.SignInTestPage" time="0.000" errors="0" timestamp="2024-09-12T12:12:56 IST" skipped="1">
  <testcase classname="com.qa.view_cart.TestPage.SignInTestPage" name="validateSignInPage" time="0.000">
    <skipped/>
  </testcase> <!-- validateSignInPage -->
  <system-out/>
</testsuite> <!-- com.qa.view_cart.TestPage.SignInTestPage -->
