<?xml version="1.0" encoding="UTF-8"?>
<!-- Generated by org.testng.reporters.JUnitReportReporter -->
<testsuite hostname="DESKTOP-NB17RKO" failures="0" tests="1" name="com.qa.view_cart.TestPage.HomeTestPage" time="53.430" errors="0" timestamp="2024-09-10T22:31:00 IST" skipped="0">
  <testcase classname="com.qa.view_cart.TestPage.HomeTestPage" name="validateHomepageElement" time="53.430"/>
  <system-out/>
</testsuite> <!-- com.qa.view_cart.TestPage.HomeTestPage -->
