<?xml version="1.0" encoding="UTF-8"?>
<!-- Generated by org.testng.reporters.JUnitReportReporter -->
<testsuite hostname="DESKTOP-NB17RKO" failures="0" tests="1" name="com.qa.view_cart.util.UtilClass" time="71.729" errors="0" timestamp="2024-09-06T22:12:02 IST" skipped="0">
  <testcase classname="com.qa.view_cart.util.UtilClass" name="validateSignInPage" time="71.729"/>
  <system-out/>
</testsuite> <!-- com.qa.view_cart.util.UtilClass -->
