<?xml version="1.0" encoding="UTF-8"?>
<!-- Generated by org.testng.reporters.JUnitReportReporter -->
<testsuite hostname="DESKTOP-NB17RKO" failures="0" tests="1" name="com.qa.view_cart.TestPage.SignInTestPage" time="27.694" errors="0" timestamp="2024-09-06T21:58:10 IST" skipped="0">
  <testcase classname="com.qa.view_cart.TestPage.SignInTestPage" name="validateSignInPage" time="27.694"/>
  <system-out/>
</testsuite> <!-- com.qa.view_cart.TestPage.SignInTestPage -->
