<?xml version="1.0" encoding="UTF-8"?>
<!-- Generated by org.testng.reporters.JUnitReportReporter -->
<testsuite hostname="DESKTOP-NB17RKO" failures="0" tests="1" name="com.qa.view_cart.TestPage.SignInTestPage" time="13.178" errors="0" timestamp="2024-09-09T23:21:28 IST" skipped="0">
  <testcase classname="com.qa.view_cart.TestPage.SignInTestPage" name="validateSignInPage" time="13.178"/>
  <system-out/>
</testsuite> <!-- com.qa.view_cart.TestPage.SignInTestPage -->
