<?xml version="1.0" encoding="UTF-8"?>
<!-- Generated by org.testng.reporters.JUnitReportReporter -->
<testsuite hostname="DESKTOP-OGNOMB7" failures="0" tests="1" name="com.qa.view_cart.TestBase.TestBase" time="55.537" errors="0" timestamp="2024-08-29T12:51:13 IST" skipped="0">
  <testcase classname="com.qa.view_cart.TestBase.TestBase" name="Initialization" time="55.537"/>
  <system-out/>
</testsuite> <!-- com.qa.view_cart.TestBase.TestBase -->
