<?xml version="1.0" encoding="UTF-8"?>
<!-- Generated by org.testng.reporters.JUnitReportReporter -->
<testsuite hostname="DESKTOP-NB17RKO" failures="0" tests="2" name="com.qa.view_cart.TestPage.SignUpTestPage" time="45.194" errors="0" timestamp="2024-09-06T15:17:14 IST" skipped="0">
  <testcase classname="com.qa.view_cart.TestPage.SignUpTestPage" name="Initialization" time="15.201"/>
  <system-out/>
  <testcase classname="com.qa.view_cart.TestPage.SignUpTestPage" name="validateSignUpPage" time="29.993"/>
  <system-out/>
</testsuite> <!-- com.qa.view_cart.TestPage.SignUpTestPage -->
