<?xml version="1.0" encoding="UTF-8"?>
<!-- Generated by org.testng.reporters.JUnitReportReporter -->
<testsuite hostname="DESKTOP-NB17RKO" failures="0" tests="1" name="com.qa.view_cart.TestPage.SignInTestPage" time="98.615" errors="0" timestamp="2024-09-10T22:31:00 IST" skipped="0">
  <testcase classname="com.qa.view_cart.TestPage.SignInTestPage" name="validateSignInPage" time="98.615"/>
  <system-out/>
</testsuite> <!-- com.qa.view_cart.TestPage.SignInTestPage -->
